2025-09-26T09:07:02.875Z [[32minfo[39m] : Successfully connected to the database pool. 
2025-09-26T09:07:02.890Z [[32minfo[39m] : Server running on port 3000 
2025-09-26T09:10:29.771Z [[32minfo[39m] : Successfully connected to the database pool. 
2025-09-26T09:10:29.778Z [[32minfo[39m] : Server running on port 3000 
2025-09-26T09:12:08.334Z [[32minfo[39m] : Successfully connected to the database pool. 
2025-09-26T09:12:08.343Z [[32minfo[39m] : Server running on port 3000 
2025-09-26T09:12:34.832Z [[32minfo[39m] : Successfully connected to the database pool. 
2025-09-26T09:12:34.837Z [[32minfo[39m] : Server running on port 3000 
2025-09-26T09:14:19.483Z [[32minfo[39m] : Successfully connected to the database pool. 
2025-09-26T09:14:19.491Z [[32minfo[39m] : Server running on port 3000 
2025-09-26T09:14:40.195Z [[32minfo[39m] : Successfully connected to the database pool. 
2025-09-26T09:14:40.200Z [[32minfo[39m] : Server running on port 3000 
2025-09-26T09:15:13.249Z [[32minfo[39m] : Successfully connected to the database pool. 
2025-09-26T09:15:13.255Z [[32minfo[39m] : Server running on port 3000 
2025-09-26T09:16:45.175Z [[32minfo[39m] : Successfully connected to the database pool. 
2025-09-26T09:16:45.186Z [[32minfo[39m] : Server running on port 3000 
2025-09-26T09:17:16.388Z [[32minfo[39m] : Successfully connected to the database pool. 
2025-09-26T09:17:16.399Z [[32minfo[39m] : Server running on port 3000 
2025-09-26T09:18:13.776Z [[32minfo[39m] : Successfully connected to the database pool. 
2025-09-26T09:18:13.783Z [[32minfo[39m] : Server running on port 3000 
2025-09-26T09:19:14.660Z [[32minfo[39m] : Successfully connected to the database pool. 
2025-09-26T09:19:14.665Z [[32minfo[39m] : Server running on port 3000 
2025-09-27T19:05:12.093Z [[32minfo[39m] : Request to M-Pesa route: POST /api/mpesa/stk-push {"body":{"phone":"0702665430","cart":[{"id":"2-32","productId":2,"name":"Sneaker","price":"2000.00","size":"32","quantity":1,"image":"assets/sneakers.jpg"}],"shippingDetails":{"name":"franklin","address":"pnu close nairobi","city":"nairobi","postalCode":"00109","phone":"0708374149"},"amount":2500}}
2025-09-27T19:05:14.102Z [[32minfo[39m] : ✅ Order pending, saved with CheckoutRequestID: ws_CO_27092025220648395702665430 {"checkoutRequestID":"ws_CO_27092025220648395702665430"}
2025-09-27T19:07:13.595Z [[32minfo[39m] : Request to M-Pesa route: POST /api/mpesa/stk-push {"body":{"phone":"0725369620","cart":[{"id":"2-32","productId":2,"name":"Sneaker","price":"2000.00","size":"32","quantity":2,"image":"assets/sneakers.jpg"},{"id":"1-23","productId":1,"name":"Sneaker","price":"1800.00","size":"23","quantity":1,"image":"assets/sneakers (2).jpg"}],"shippingDetails":{"name":"franklin","address":"pnu close nairobi","city":"nairobi","postalCode":"00109","phone":"0725369620"},"amount":6300}}
2025-09-27T19:07:14.765Z [[32minfo[39m] : ✅ Order pending, saved with CheckoutRequestID: ws_CO_27092025220849029725369620 {"checkoutRequestID":"ws_CO_27092025220849029725369620"}
2025-09-27T19:09:11.281Z [[32minfo[39m] : Request to M-Pesa route: POST /api/mpesa/stk-push {"body":{"phone":"0725369620","cart":[{"id":"3-24","productId":3,"name":"Unisex Sneakers","price":"2000.00","size":"24","quantity":1,"image":"assets/unisex_sneaker (2).jpg"}],"shippingDetails":{"name":"franklin","address":"pnu close nairobi","city":"nairobi","postalCode":"00109","phone":"0725369620"},"amount":2500}}
2025-09-27T19:09:12.502Z [[32minfo[39m] : ✅ Order pending, saved with CheckoutRequestID: ws_CO_27092025221046781725369620 {"checkoutRequestID":"ws_CO_27092025221046781725369620"}
2025-10-16T14:46:43.504Z [[31merror[39m] : Failed to send email to iknowicare3@gmail.com. Subject: "Welcome Back!". {"error":{"statusCode":403,"message":"You can only send testing emails to your own email address (njorogefranklin2@gmail.com). To send emails to other recipients, please verify a domain at resend.com/domains, and change the `from` address to an email using this domain."}}
2025-10-16T14:46:43.507Z [[31merror[39m] : Exception caught while sending email to iknowicare3@gmail.com. {"error":"You can only send testing emails to your own email address (njorogefranklin2@gmail.com). To send emails to other recipients, please verify a domain at resend.com/domains, and change the `from` address to an email using this domain."}
2025-10-16T14:57:23.506Z [[31merror[39m] : Failed to send email to iknowicare3@gmail.com. Subject: "Welcome Back!". {"error":{"statusCode":403,"message":"You can only send testing emails to your own email address (njorogefranklin2@gmail.com). To send emails to other recipients, please verify a domain at resend.com/domains, and change the `from` address to an email using this domain."}}
2025-10-16T14:57:23.508Z [[31merror[39m] : Exception caught while sending email to iknowicare3@gmail.com. {"error":"You can only send testing emails to your own email address (njorogefranklin2@gmail.com). To send emails to other recipients, please verify a domain at resend.com/domains, and change the `from` address to an email using this domain."}
2025-10-16T15:18:58.404Z [[31merror[39m] : Failed to send email to iknowicare3@gmail.com. Subject: "Welcome Back!". {"error":{"statusCode":403,"message":"You can only send testing emails to your own email address (njorogefranklin2@gmail.com). To send emails to other recipients, please verify a domain at resend.com/domains, and change the `from` address to an email using this domain."}}
2025-10-16T15:18:58.496Z [[31merror[39m] : Exception caught while sending email to iknowicare3@gmail.com. {"error":"You can only send testing emails to your own email address (njorogefranklin2@gmail.com). To send emails to other recipients, please verify a domain at resend.com/domains, and change the `from` address to an email using this domain."}
2025-10-16T15:49:22.539Z [[32minfo[39m] : Request to M-Pesa route: POST /api/mpesa/stk-push {"body":{"phone":"0702665430","cart":[{"productId":2,"size":"32","quantity":4,"name":"Sneaker","price":"2000.00","image":"assets/sneakers.jpg","id":"2-32"},{"productId":4,"size":"29","quantity":2,"name":"Unisex Sneakers","price":"2000.00","image":"assets/unisex_sneaker.jpg","id":"4-29"}],"shippingDetails":{"name":"franklin","address":"pnu close nairobi","city":"nairobi","postalCode":"00109","phone":"0702665430"},"amount":12500}}
2025-10-16T15:49:23.319Z [[32minfo[39m] : 📝 Order created with temporary status, ID: 11 
2025-10-16T15:49:28.646Z [[32minfo[39m] : ✅ Order 11 updated to pending with CheckoutRequestID: ws_CO_16102025185113092702665430 {"orderId":11,"checkoutRequestID":"ws_CO_16102025185113092702665430"}
2025-10-17T12:47:52.326Z [[32minfo[39m] : Request to M-Pesa route: POST /api/mpesa/stk-push {"body":{"phone":"0702665430","cart":[{"productId":2,"size":"32","quantity":8,"name":"Sneaker","price":"2000.00","image":"assets/sneakers.jpg","id":"2-32"},{"productId":4,"size":"29","quantity":4,"name":"Unisex Sneakers","price":"2000.00","image":"assets/unisex_sneaker.jpg","id":"4-29"},{"productId":7,"size":"21","quantity":2,"name":"Gumboots","price":"1000.00","image":"assets/gumboots.jpg","id":"7-21"}],"shippingDetails":{"name":"franklin Njoroge","address":"pnu close nairobi","city":"nairobi","postalCode":"00109","phone":"0702665430"},"amount":26500}}
2025-10-17T12:47:53.289Z [[32minfo[39m] : 📝 Order created with temporary status, ID: 12 
2025-10-17T12:47:58.704Z [[32minfo[39m] : ✅ Order 12 updated to pending with CheckoutRequestID: ws_CO_17102025154943718702665430 {"orderId":12,"checkoutRequestID":"ws_CO_17102025154943718702665430"}
2025-10-17T12:51:07.243Z [[32minfo[39m] : Request to M-Pesa route: POST /api/mpesa/stk-push {"body":{"phone":"254702665430","cart":[{"productId":2,"size":"32","quantity":8,"name":"Sneaker","price":"2000.00","image":"assets/sneakers.jpg","id":"2-32"},{"productId":4,"size":"29","quantity":4,"name":"Unisex Sneakers","price":"2000.00","image":"assets/unisex_sneaker.jpg","id":"4-29"},{"productId":7,"size":"21","quantity":2,"name":"Gumboots","price":"1000.00","image":"assets/gumboots.jpg","id":"7-21"}],"shippingDetails":{"name":"franklin","address":"pnu close nairobi","city":"nairobi","postalCode":"00109","phone":"254702665430"},"amount":26500}}
2025-10-17T12:51:07.842Z [[32minfo[39m] : 📝 Order created with temporary status, ID: 13 
2025-10-17T12:51:13.139Z [[32minfo[39m] : ✅ Order 13 updated to pending with CheckoutRequestID: ws_CO_17102025155258178702665430 {"orderId":13,"checkoutRequestID":"ws_CO_17102025155258178702665430"}
